<?xml version="1.0" encoding="UTF-8"?>
<testng-results skipped="0" failed="0" ignored="0" total="1" passed="1">
  <reporter-output>
  </reporter-output>
  <suite name="Default suite" duration-ms="25294" started-at="2019-06-03T10:45:32Z" finished-at="2019-06-03T10:45:57Z">
    <groups>
    </groups>
    <test name="Default test" duration-ms="25294" started-at="2019-06-03T10:45:32Z" finished-at="2019-06-03T10:45:57Z">
      <class name="com.scenarios.BootStrapDropdown">
        <test-method status="PASS" signature="loadUrl()[pri:0, instance:com.scenarios.BootStrapDropdown@53b32d7]" name="loadUrl" is-config="true" duration-ms="20931" started-at="2019-06-03T10:45:32Z" finished-at="2019-06-03T10:45:52Z">
          <reporter-output>
          </reporter-output>
        </test-method> <!-- loadUrl -->
        <test-method status="PASS" signature="bootStrapDropdown()[pri:0, instance:com.scenarios.BootStrapDropdown@53b32d7]" name="bootStrapDropdown" duration-ms="4332" started-at="2019-06-03T10:45:52Z" finished-at="2019-06-03T10:45:57Z">
          <reporter-output>
          </reporter-output>
        </test-method> <!-- bootStrapDropdown -->
        <test-method status="PASS" signature="quitDriver()[pri:0, instance:com.scenarios.BootStrapDropdown@53b32d7]" name="quitDriver" is-config="true" duration-ms="1" started-at="2019-06-03T10:45:57Z" finished-at="2019-06-03T10:45:57Z">
          <reporter-output>
          </reporter-output>
        </test-method> <!-- quitDriver -->
      </class> <!-- com.scenarios.BootStrapDropdown -->
    </test> <!-- Default test -->
  </suite> <!-- Default suite -->
</testng-results>
