<?xml version="1.0" encoding="UTF-8"?>
<testng-results skipped="0" failed="0" ignored="0" total="1" passed="1">
  <reporter-output>
  </reporter-output>
  <suite name="Default suite" duration-ms="11271" started-at="2019-07-02T06:54:18Z" finished-at="2019-07-02T06:54:30Z">
    <groups>
    </groups>
    <test name="Default test" duration-ms="11271" started-at="2019-07-02T06:54:18Z" finished-at="2019-07-02T06:54:30Z">
      <class name="com.OutlookAutomation.OutlookMailsOnBrowser">
        <test-method status="PASS" signature="loadUrl()[pri:0, instance:com.OutlookAutomation.OutlookMailsOnBrowser@24faea88]" name="loadUrl" is-config="true" duration-ms="5819" started-at="2019-07-02T06:54:18Z" finished-at="2019-07-02T06:54:24Z">
          <reporter-output>
          </reporter-output>
        </test-method> <!-- loadUrl -->
        <test-method status="PASS" signature="readMailTest()[pri:0, instance:com.OutlookAutomation.OutlookMailsOnBrowser@24faea88]" name="readMailTest" duration-ms="5047" started-at="2019-07-02T06:54:24Z" finished-at="2019-07-02T06:54:30Z">
          <reporter-output>
          </reporter-output>
        </test-method> <!-- readMailTest -->
      </class> <!-- com.OutlookAutomation.OutlookMailsOnBrowser -->
    </test> <!-- Default test -->
  </suite> <!-- Default suite -->
</testng-results>
